<?xml version="1.0" encoding="UTF-8"?>
<testsuite name="frc.robot.TestThatTestsRun" tests="1" skipped="0" failures="0" errors="0" timestamp="2019-09-30T22:47:15" hostname="aryan-PS63-Modern-8RC" time="0.001">
  <properties/>
  <testcase name="testThatThisRuns" classname="frc.robot.TestThatTestsRun" time="0.001"/>
  <system-out><![CDATA[]]></system-out>
  <system-err><![CDATA[]]></system-err>
</testsuite>
